<html xmlns:tp="http://schemas.datacontract.org/2004/07/Microsoft.VisualStudio.TestPlatform.Extensions.HtmlLogger.ObjectModel" xmlns:a="http://schemas.microsoft.com/2003/10/Serialization/Arrays" xmlns:msxsl="urn:schemas-microsoft-com:xslt">
  <body>
    <h1>Test run details</h1>
    <div class="summary">
      <div class="block"><span>Total tests</span><div class="total-tests">31</div><br></div>
      <div class="block"><span>Passed  : </span><span class="passedTests">24</span><br><span>Failed  : </span><span class="failedTests">7</span><br><span>Skipped : </span><span class="skippedTests">0</span><br></div>
      <div class="block"><span>Pass percentage</span><div class="pass-percentage">77 %</div><br></div>
      <div class="block"><span>Run duration</span><div class="test-run-time">1s 170ms</div><br></div><br></div>
    <h2>Failed Results</h2>
    <div class="list-row" onclick="ToggleClass('-1464726931-failedResult')">C:\Users\Tatsiana_Barabanava\source\repos\Calculator(MSTests)\bin\Debug\Calculator(MSTests).dll</div>
    <div class="inner-row" Id="-1464726931-failedResult" style="display:block;">
      <div class="leaf-division">
        <div><span class="fail">✘</span><span> Calculator_MSTests_.MSTest_Abs.AbsMSTestDouble</span><div class="duration"><span>215ms</span><br></div>
        </div>
        <div class="error-info">
    Error: <span class="error-message"><pre>Assert.AreEqual failed. Expected:&lt;5.2&gt;. Actual:&lt;5&gt;. </pre></span><br>
    Stack trace: <span class="error-stack-trace"><pre>   at Calculator_MSTests_.MSTest_Abs.AbsMSTestDouble() in C:\Users\Tatsiana_Barabanava\source\repos\Calculator(MSTests)\MSTest_Abs.cs:line 41
</pre></span><br></div>
      </div>
      <div class="leaf-division">
        <div><span class="fail">✘</span><span> Calculator_MSTests_.MSTest_Abs.AbsMSTestString</span><div class="duration"><span>5ms</span><br></div>
        </div>
        <div class="error-info">
    Error: <span class="error-message"><pre>Test method Calculator_MSTests_.MSTest_Abs.AbsMSTestString threw exception: 
System.NotFiniteNumberException: Wrong input</pre></span><br>
    Stack trace: <span class="error-stack-trace"><pre>    at CSharpCalculator.Calculator.Abs(Object a)
   at Calculator_MSTests_.MSTest_Abs.AbsMSTestString() in C:\Users\Tatsiana_Barabanava\source\repos\Calculator(MSTests)\MSTest_Abs.cs:line 50
</pre></span><br></div>
      </div>
      <div class="leaf-division">
        <div><span class="fail">✘</span><span> Calculator_MSTests_.MSTest_Add.AddMSTestException</span><div class="duration"><span>1ms</span><br></div>
        </div>
        <div class="error-info">
    Error: <span class="error-message"><pre>Test method threw exception System.InvalidCastException, but exception System.NotFiniteNumberException was expected. Exception message: System.InvalidCastException: Specified cast is not valid.</pre></span><br>
    Stack trace: <span class="error-stack-trace"><pre>   at CSharpCalculator.Calculator.Add(Object a, Object b)
   at Calculator_MSTests_.MSTest_Add.AddMSTestException() in C:\Users\Tatsiana_Barabanava\source\repos\Calculator(MSTests)\MSTest_Add.cs:line 53
</pre></span><br></div>
      </div>
      <div class="leaf-division">
        <div><span class="fail">✘</span><span> Calculator_MSTests_.MSTest_Add.AddMSTestInt</span><div class="duration"><span>&lt; 1ms</span><br></div>
        </div>
        <div class="error-info">
    Error: <span class="error-message"><pre>Test method Calculator_MSTests_.MSTest_Add.AddMSTestInt threw exception: 
System.InvalidCastException: Specified cast is not valid.</pre></span><br>
    Stack trace: <span class="error-stack-trace"><pre>    at CSharpCalculator.Calculator.Add(Object a, Object b)
   at Calculator_MSTests_.MSTest_Add.AddMSTestInt() in C:\Users\Tatsiana_Barabanava\source\repos\Calculator(MSTests)\MSTest_Add.cs:line 23
</pre></span><br></div>
      </div>
      <div class="leaf-division">
        <div><span class="fail">✘</span><span> Calculator_MSTests_.MSTest_Add.AddMSTestString</span><div class="duration"><span>&lt; 1ms</span><br></div>
        </div>
        <div class="error-info">
    Error: <span class="error-message"><pre>Test method Calculator_MSTests_.MSTest_Add.AddMSTestString threw exception: 
System.InvalidCastException: Specified cast is not valid.</pre></span><br>
    Stack trace: <span class="error-stack-trace"><pre>    at CSharpCalculator.Calculator.Add(Object a, Object b)
   at Calculator_MSTests_.MSTest_Add.AddMSTestString() in C:\Users\Tatsiana_Barabanava\source\repos\Calculator(MSTests)\MSTest_Add.cs:line 43
</pre></span><br></div>
      </div>
      <div class="leaf-division">
        <div><span class="fail">✘</span><span> Calculator_MSTests_.MSTest_Divide.DivideMSTestException</span><div class="duration"><span>&lt; 1ms</span><br></div>
        </div>
        <div class="error-info">
    Error: <span class="error-message"><pre>Test method did not throw expected exception System.DivideByZeroException. </pre></span><br></div>
      </div>
      <div class="leaf-division">
        <div><span class="fail">✘</span><span> Calculator_MSTests_.MSTest_isNegative.IsNegativeMSTestZero</span><div class="duration"><span>1ms</span><br></div>
        </div>
        <div class="error-info">
    Error: <span class="error-message"><pre>Assert.AreEqual failed. Expected:&lt;False&gt;. Actual:&lt;True&gt;. </pre></span><br>
    Stack trace: <span class="error-stack-trace"><pre>   at Calculator_MSTests_.MSTest_isNegative.IsNegativeMSTestZero() in C:\Users\Tatsiana_Barabanava\source\repos\Calculator(MSTests)\MSTest_isNegative.cs:line 41
</pre></span><br></div>
      </div>
    </div>
    <h2>All Results</h2>
    <div class="list-row" onclick="ToggleClass('-1464726931')">C:\Users\Tatsiana_Barabanava\source\repos\Calculator(MSTests)\bin\Debug\Calculator(MSTests).dll</div>
    <div class="inner-row" Id="-1464726931" style="display:none;">
      <div class="leaf-division">
        <div><span class="fail">✘</span><span> Calculator_MSTests_.MSTest_Abs.AbsMSTestDouble</span><div class="duration"><span>215ms</span><br></div>
        </div>
        <div class="error-info">
    Error: <span class="error-message"><pre>Assert.AreEqual failed. Expected:&lt;5.2&gt;. Actual:&lt;5&gt;. </pre></span><br>
    Stack trace: <span class="error-stack-trace"><pre>   at Calculator_MSTests_.MSTest_Abs.AbsMSTestDouble() in C:\Users\Tatsiana_Barabanava\source\repos\Calculator(MSTests)\MSTest_Abs.cs:line 41
</pre></span><br></div>
      </div>
      <div class="leaf-division">
        <div><span class="pass">✔</span><span> Calculator_MSTests_.MSTest_Abs.AbsMSTestInt</span><div class="duration"><span>&lt; 1ms</span><br></div>
        </div>
        <div class="error-info"></div>
      </div>
      <div class="leaf-division">
        <div><span class="fail">✘</span><span> Calculator_MSTests_.MSTest_Abs.AbsMSTestString</span><div class="duration"><span>5ms</span><br></div>
        </div>
        <div class="error-info">
    Error: <span class="error-message"><pre>Test method Calculator_MSTests_.MSTest_Abs.AbsMSTestString threw exception: 
System.NotFiniteNumberException: Wrong input</pre></span><br>
    Stack trace: <span class="error-stack-trace"><pre>    at CSharpCalculator.Calculator.Abs(Object a)
   at Calculator_MSTests_.MSTest_Abs.AbsMSTestString() in C:\Users\Tatsiana_Barabanava\source\repos\Calculator(MSTests)\MSTest_Abs.cs:line 50
</pre></span><br></div>
      </div>
      <div class="leaf-division">
        <div><span class="pass">✔</span><span> Calculator_MSTests_.MSTest_Abs.AbsMSTestStringInt</span><div class="duration"><span>&lt; 1ms</span><br></div>
        </div>
        <div class="error-info"></div>
      </div>
      <div class="leaf-division">
        <div><span class="pass">✔</span><span> Calculator_MSTests_.MSTest_Abs.AbsMethodException</span><div class="duration"><span>1ms</span><br></div>
        </div>
        <div class="error-info"></div>
      </div>
      <div class="leaf-division">
        <div><span class="pass">✔</span><span> Calculator_MSTests_.MSTest_Add.AddMSTestDouble</span><div class="duration"><span>&lt; 1ms</span><br></div>
        </div>
        <div class="error-info"></div>
      </div>
      <div class="leaf-division">
        <div><span class="fail">✘</span><span> Calculator_MSTests_.MSTest_Add.AddMSTestException</span><div class="duration"><span>1ms</span><br></div>
        </div>
        <div class="error-info">
    Error: <span class="error-message"><pre>Test method threw exception System.InvalidCastException, but exception System.NotFiniteNumberException was expected. Exception message: System.InvalidCastException: Specified cast is not valid.</pre></span><br>
    Stack trace: <span class="error-stack-trace"><pre>   at CSharpCalculator.Calculator.Add(Object a, Object b)
   at Calculator_MSTests_.MSTest_Add.AddMSTestException() in C:\Users\Tatsiana_Barabanava\source\repos\Calculator(MSTests)\MSTest_Add.cs:line 53
</pre></span><br></div>
      </div>
      <div class="leaf-division">
        <div><span class="fail">✘</span><span> Calculator_MSTests_.MSTest_Add.AddMSTestInt</span><div class="duration"><span>&lt; 1ms</span><br></div>
        </div>
        <div class="error-info">
    Error: <span class="error-message"><pre>Test method Calculator_MSTests_.MSTest_Add.AddMSTestInt threw exception: 
System.InvalidCastException: Specified cast is not valid.</pre></span><br>
    Stack trace: <span class="error-stack-trace"><pre>    at CSharpCalculator.Calculator.Add(Object a, Object b)
   at Calculator_MSTests_.MSTest_Add.AddMSTestInt() in C:\Users\Tatsiana_Barabanava\source\repos\Calculator(MSTests)\MSTest_Add.cs:line 23
</pre></span><br></div>
      </div>
      <div class="leaf-division">
        <div><span class="fail">✘</span><span> Calculator_MSTests_.MSTest_Add.AddMSTestString</span><div class="duration"><span>&lt; 1ms</span><br></div>
        </div>
        <div class="error-info">
    Error: <span class="error-message"><pre>Test method Calculator_MSTests_.MSTest_Add.AddMSTestString threw exception: 
System.InvalidCastException: Specified cast is not valid.</pre></span><br>
    Stack trace: <span class="error-stack-trace"><pre>    at CSharpCalculator.Calculator.Add(Object a, Object b)
   at Calculator_MSTests_.MSTest_Add.AddMSTestString() in C:\Users\Tatsiana_Barabanava\source\repos\Calculator(MSTests)\MSTest_Add.cs:line 43
</pre></span><br></div>
      </div>
      <div class="leaf-division">
        <div><span class="pass">✔</span><span> Calculator_MSTests_.MSTest_Cos.CosMSTestDouble</span><div class="duration"><span>&lt; 1ms</span><br></div>
        </div>
        <div class="error-info"></div>
      </div>
      <div class="leaf-division">
        <div><span class="pass">✔</span><span> Calculator_MSTests_.MSTest_Cos.CosMSTestException</span><div class="duration"><span>&lt; 1ms</span><br></div>
        </div>
        <div class="error-info"></div>
      </div>
      <div class="leaf-division">
        <div><span class="pass">✔</span><span> Calculator_MSTests_.MSTest_Cos.CosMSTestInt</span><div class="duration"><span>&lt; 1ms</span><br></div>
        </div>
        <div class="error-info"></div>
      </div>
      <div class="leaf-division">
        <div><span class="pass">✔</span><span> Calculator_MSTests_.MSTest_Cos.CosMSTestNegativeValue</span><div class="duration"><span>&lt; 1ms</span><br></div>
        </div>
        <div class="error-info"></div>
      </div>
      <div class="leaf-division">
        <div><span class="pass">✔</span><span> Calculator_MSTests_.MSTest_Cos.CosMSTestString</span><div class="duration"><span>&lt; 1ms</span><br></div>
        </div>
        <div class="error-info"></div>
      </div>
      <div class="leaf-division">
        <div><span class="pass">✔</span><span> Calculator_MSTests_.MSTest_Cos.CosMSTestZeroValue</span><div class="duration"><span>&lt; 1ms</span><br></div>
        </div>
        <div class="error-info"></div>
      </div>
      <div class="leaf-division">
        <div><span class="pass">✔</span><span> Calculator_MSTests_.MSTest_Divide.DivideMSTestDouble</span><div class="duration"><span>&lt; 1ms</span><br></div>
        </div>
        <div class="error-info"></div>
      </div>
      <div class="leaf-division">
        <div><span class="fail">✘</span><span> Calculator_MSTests_.MSTest_Divide.DivideMSTestException</span><div class="duration"><span>&lt; 1ms</span><br></div>
        </div>
        <div class="error-info">
    Error: <span class="error-message"><pre>Test method did not throw expected exception System.DivideByZeroException. </pre></span><br></div>
      </div>
      <div class="leaf-division">
        <div><span class="pass">✔</span><span> Calculator_MSTests_.MSTest_Divide.DivideMSTestInt</span><div class="duration"><span>&lt; 1ms</span><br></div>
        </div>
        <div class="error-info"></div>
      </div>
      <div class="leaf-division">
        <div><span class="pass">✔</span><span> Calculator_MSTests_.MSTest_Divide.DivideMSTestString</span><div class="duration"><span>&lt; 1ms</span><br></div>
        </div>
        <div class="error-info"></div>
      </div>
      <div class="leaf-division">
        <div><span class="pass">✔</span><span> Calculator_MSTests_.MSTest_isNegative.IsNegativeMSTestDouble</span><div class="duration"><span>&lt; 1ms</span><br></div>
        </div>
        <div class="error-info"></div>
      </div>
      <div class="leaf-division">
        <div><span class="pass">✔</span><span> Calculator_MSTests_.MSTest_isNegative.IsNegativeMSTestException</span><div class="duration"><span>&lt; 1ms</span><br></div>
        </div>
        <div class="error-info"></div>
      </div>
      <div class="leaf-division">
        <div><span class="pass">✔</span><span> Calculator_MSTests_.MSTest_isNegative.IsNegativeMSTestInt</span><div class="duration"><span>&lt; 1ms</span><br></div>
        </div>
        <div class="error-info"></div>
      </div>
      <div class="leaf-division">
        <div><span class="pass">✔</span><span> Calculator_MSTests_.MSTest_isNegative.IsNegativeMSTestIntPositiveValue</span><div class="duration"><span>&lt; 1ms</span><br></div>
        </div>
        <div class="error-info"></div>
      </div>
      <div class="leaf-division">
        <div><span class="pass">✔</span><span> Calculator_MSTests_.MSTest_isNegative.IsNegativeMSTestString</span><div class="duration"><span>&lt; 1ms</span><br></div>
        </div>
        <div class="error-info"></div>
      </div>
      <div class="leaf-division">
        <div><span class="fail">✘</span><span> Calculator_MSTests_.MSTest_isNegative.IsNegativeMSTestZero</span><div class="duration"><span>1ms</span><br></div>
        </div>
        <div class="error-info">
    Error: <span class="error-message"><pre>Assert.AreEqual failed. Expected:&lt;False&gt;. Actual:&lt;True&gt;. </pre></span><br>
    Stack trace: <span class="error-stack-trace"><pre>   at Calculator_MSTests_.MSTest_isNegative.IsNegativeMSTestZero() in C:\Users\Tatsiana_Barabanava\source\repos\Calculator(MSTests)\MSTest_isNegative.cs:line 41
</pre></span><br></div>
      </div>
      <div class="leaf-division">
        <div><span class="pass">✔</span><span> Calculator_MSTests_.MSTest_isPositive.IsPositiveMSTestDouble</span><div class="duration"><span>&lt; 1ms</span><br></div>
        </div>
        <div class="error-info"></div>
      </div>
      <div class="leaf-division">
        <div><span class="pass">✔</span><span> Calculator_MSTests_.MSTest_isPositive.IsPositiveMSTestException</span><div class="duration"><span>&lt; 1ms</span><br></div>
        </div>
        <div class="error-info"></div>
      </div>
      <div class="leaf-division">
        <div><span class="pass">✔</span><span> Calculator_MSTests_.MSTest_isPositive.IsPositiveMSTestInt</span><div class="duration"><span>&lt; 1ms</span><br></div>
        </div>
        <div class="error-info"></div>
      </div>
      <div class="leaf-division">
        <div><span class="pass">✔</span><span> Calculator_MSTests_.MSTest_isPositive.IsPositiveMSTestIntNegativeValue</span><div class="duration"><span>&lt; 1ms</span><br></div>
        </div>
        <div class="error-info"></div>
      </div>
      <div class="leaf-division">
        <div><span class="pass">✔</span><span> Calculator_MSTests_.MSTest_isPositive.IsPositiveMSTestString</span><div class="duration"><span>&lt; 1ms</span><br></div>
        </div>
        <div class="error-info"></div>
      </div>
      <div class="leaf-division">
        <div><span class="pass">✔</span><span> Calculator_MSTests_.MSTest_isPositive.IsPositiveMSTestZero</span><div class="duration"><span>&lt; 1ms</span><br></div>
        </div>
        <div class="error-info"></div>
      </div>
    </div>
  </body><script language="javascript">
        function ToggleClass(id) {
        var elem = document.getElementById(id);
        if (elem.style.display == "none") {
        elem.style.display = "block";
        }
        else {
        elem.style.display = "none";
        }
        }
      </script><style>
        body { font-family: Calibri, Verdana, Arial, sans-serif; background-color: White; color: Black; }
        h2 {
        margin-top: 15px;
        margin-bottom:10px;
        }
        pre {
        white-space: pre-wrap;
        }
        .summary {font-family:monospace;
        display: -webkit-flex; /* Safari */
        -webkit-flex-wrap: wrap; /* Safari 6.1+ */
        display: flex;
        flex-wrap: wrap;
        }
        .row {
        border: 2px solid #ffffff;
        width:100%;
        cursor:pointer;
        background-color:#d7e9fa;
        }
        .list-row {
        border: 2px solid #ffffff;
        width:100%;
        cursor:pointer;
        background-color:#ffffff;
        }
        .inner-row{
        border: 2px solid #ffffff;
        padding-left:1%;
        margin-left:1%;
        background-color:#ffffff;
        }
        .block{
        width : 150px;
        }
        .leaf-division{
        border: 2px solid #ffffff;
        background-color:#e6eff7;
        }
        .pass { color: #0c0; }
        .fail { color: #c00; }
        .error-message { color : brown; }
        .error-stack-trace { color: brown; }
        .duration {float:right;padding-right:1%;}
        .total-tests { font-size : 30px}
        .test-run-time { font-size : 30px}
        .pass-percentage { font-size : 30px}
        .error-info{
        margin-left:16px;
        }
      </style>
</html>